app/build/outputs/logs/manifest-merger-debug-report.txt
-- Merging decision tree log ---
manifest
ADDED from src/main/AndroidManifest.xml:1:1-401:12
	package
		ADDED from src/main/AndroidManifest.xml:2:11-47
		INJECTED from src/main/AndroidManifest.xml
		INJECTED from src/main/AndroidManifest.xml
	android:versionName
		ADDED from src/main/AndroidManifest.xml:4:11-39
	android:versionCode
		ADDED from src/main/AndroidManifest.xml:3:11-35
		INJECTED from src/main/AndroidManifest.xml
		INJECTED from src/main/AndroidManifest.xml
	xmlns:android
		ADDED from src/main/AndroidManifest.xml:1:11-69
uses-sdk
ADDED from src/main/AndroidManifest.xml:6:5-8:44
MERGED from [chanu:gallery:unspecified] AndroidManifest.xml:7:5-9:41
MERGED from [com.android.support:support-v4:23.1.0] AndroidManifest.xml:20:5-43
	android:targetSdkVersion
		ADDED from src/main/AndroidManifest.xml:8:13-42
		INJECTED from src/main/AndroidManifest.xml
		INJECTED from src/main/AndroidManifest.xml
	android:minSdkVersion
		ADDED from src/main/AndroidManifest.xml:7:13-39
		INJECTED from src/main/AndroidManifest.xml
		INJECTED from src/main/AndroidManifest.xml
uses-permission#android.permission.INTERNET
ADDED from src/main/AndroidManifest.xml:10:5-66
MERGED from [chanu:gallery:unspecified] AndroidManifest.xml:17:5-67
	android:name
		ADDED from src/main/AndroidManifest.xml:10:22-64
uses-permission#android.permission.ACCESS_NETWORK_STATE
ADDED from src/main/AndroidManifest.xml:11:5-78
MERGED from [chanu:gallery:unspecified] AndroidManifest.xml:15:5-79
	android:name
		ADDED from src/main/AndroidManifest.xml:11:22-76
uses-permission#android.permission.READ_EXTERNAL_STORAGE
ADDED from src/main/AndroidManifest.xml:12:5-79
	android:name
		ADDED from src/main/AndroidManifest.xml:12:22-77
uses-permission#android.permission.WRITE_EXTERNAL_STORAGE
ADDED from src/main/AndroidManifest.xml:13:5-80
MERGED from [chanu:gallery:unspecified] AndroidManifest.xml:22:5-81
	android:name
		ADDED from src/main/AndroidManifest.xml:13:22-78
uses-permission#android.permission.SET_WALLPAPER
ADDED from src/main/AndroidManifest.xml:14:5-71
MERGED from [chanu:gallery:unspecified] AndroidManifest.xml:20:5-72
	android:name
		ADDED from src/main/AndroidManifest.xml:14:22-69
uses-permission#android.permission.RECEIVE_BOOT_COMPLETED
ADDED from src/main/AndroidManifest.xml:15:5-80
	android:name
		ADDED from src/main/AndroidManifest.xml:15:22-78
uses-permission#android.permission.GET_  TASKS
ADDED from src/main/AndroidManifest.xml:19:5-69
	android:name
		ADDED from src/main/AndroidManifest.xml:19:22-67
supports-screens
ADDED from src/main/AndroidManifest.xml:21:6-23:50
	android:largeScreens
		ADDED from src/main/AndroidManifest.xml:22:52-79
	android:smallScreens
		ADDED from src/main/AndroidManifest.xml:21:24-52
	android:normalScreens
		ADDED from src/main/AndroidManifest.xml:22:23-51
	android:anyDensity
		ADDED from src/main/AndroidManifest.xml:23:23-48
application
ADDED from src/main/AndroidManifest.xml:25:5-399:19
MERGED from [com.android.support:support-v4:23.1.0] AndroidManifest.xml:22:5-20
	android:label
		ADDED from src/main/AndroidManifest.xml:29:13-45
	android:hardwareAccelerated
		ADDED from src/main/AndroidManifest.xml:31:13-47
	android:icon
		ADDED from src/main/AndroidManifest.xml:27:13-51
	android:theme
		ADDED from src/main/AndroidManifest.xml:30:13-44
	android:logo
		ADDED from src/main/AndroidManifest.xml:28:13-56
	android:name
		ADDED from src/main/AndroidManifest.xml:26:13-54
activity#com.chanapps.four.activity.StartupActivity
ADDED from src/main/AndroidManifest.xml:34:9-52:20
	android:configChanges
		ADDED from src/main/AndroidManifest.xml:35:19-69
	android:theme
		ADDED from src/main/AndroidManifest.xml:36:19-77
	android:name
		ADDED from src/main/AndroidManifest.xml:34:19-76
intent-filter#android.intent.action.MAIN+android.intent.category.LAUNCHER
ADDED from src/main/AndroidManifest.xml:37:13-40:29
action#android.intent.action.MAIN
ADDED from src/main/AndroidManifest.xml:38:17-69
	android:name
		ADDED from src/main/AndroidManifest.xml:38:25-66
category#android.intent.category.LAUNCHER
ADDED from src/main/AndroidManifest.xml:39:17-77
	android:name
		ADDED from src/main/AndroidManifest.xml:39:27-74
intent-filter#android.intent.action.VIEW+android.intent.category.BROWSABLE+android.intent.category.DEFAULT
ADDED from src/main/AndroidManifest.xml:41:13-51:29
	android:priority
		ADDED from src/main/AndroidManifest.xml:41:28-50
action#android.intent.action.VIEW
ADDED from src/main/AndroidManifest.xml:42:17-68
	android:name
		ADDED from src/main/AndroidManifest.xml:42:25-66
category#android.intent.category.DEFAULT
ADDED from src/main/AndroidManifest.xml:43:17-76
	android:name
		ADDED from src/main/AndroidManifest.xml:43:27-73
category#android.intent.category.BROWSABLE
ADDED from src/main/AndroidManifest.xml:44:17-77
	android:name
		ADDED from src/main/AndroidManifest.xml:44:27-75
data
ADDED from src/main/AndroidManifest.xml:45:17-96
	android:host
		ADDED from src/main/AndroidManifest.xml:45:45-69
	android:scheme
		ADDED from src/main/AndroidManifest.xml:45:23-44
	android:pathPattern
		ADDED from src/main/AndroidManifest.xml:45:70-94
activity#com.chanapps.four.activity.PostReplyActivity
ADDED from src/main/AndroidManifest.xml:54:9-65:20
	android:label
		ADDED from src/main/AndroidManifest.xml:56:17-57
	android:launchMode
		ADDED from src/main/AndroidManifest.xml:59:17-46
	android:exported
		ADDED from src/main/AndroidManifest.xml:58:17-41
	android:configChanges
		ADDED from src/main/AndroidManifest.xml:57:17-52
	android:name
		ADDED from src/main/AndroidManifest.xml:55:17-76
intent-filter#android.intent.action.MAIN+android.intent.action.VIEW+android.intent.category.DEFAULT
ADDED from src/main/AndroidManifest.xml:60:13-64:29
activity#com.chanapps.four.activity.PostReplyShareActivity
ADDED from src/main/AndroidManifest.xml:67:9-78:20
	android:label
		ADDED from src/main/AndroidManifest.xml:69:17-49
	android:launchMode
		ADDED from src/main/AndroidManifest.xml:72:17-46
	android:exported
		ADDED from src/main/AndroidManifest.xml:71:17-40
	android:configChanges
		ADDED from src/main/AndroidManifest.xml:70:17-52
	android:name
		ADDED from src/main/AndroidManifest.xml:68:17-81
intent-filter#android.intent.action.SEND+android.intent.category.DEFAULT
ADDED from src/main/AndroidManifest.xml:73:13-77:29
action#android.intent.action.SEND
ADDED from src/main/AndroidManifest.xml:74:17-68
	android:name
		ADDED from src/main/AndroidManifest.xml:74:25-66
activity#com.chanapps.four.activity.GalleryViewActivity
ADDED from src/main/AndroidManifest.xml:80:9-92:20
	android:label
		ADDED from src/main/AndroidManifest.xml:80:81-130
	android:launchMode
		ADDED from src/main/AndroidManifest.xml:82:19-48
	android:configChanges
		ADDED from src/main/AndroidManifest.xml:81:19-65
	android:name
		ADDED from src/main/AndroidManifest.xml:80:19-80
meta-data#android.support.PARENT_ACTIVITY
ADDED from src/main/AndroidManifest.xml:88:13-91:23
	android:value
		ADDED from src/main/AndroidManifest.xml:90:21-52
	android:name
		ADDED from src/main/AndroidManifest.xml:89:21-67
activity#com.chanapps.four.activity.BoardSelectorActivity
ADDED from src/main/AndroidManifest.xml:94:9-105:20
	android:label
		ADDED from src/main/AndroidManifest.xml:95:19-51
	android:launchMode
		ADDED from src/main/AndroidManifest.xml:95:52-83
	android:configChanges
		ADDED from src/main/AndroidManifest.xml:96:19-65
	android:name
		ADDED from src/main/AndroidManifest.xml:94:19-82
intent-filter#android.intent.action.MAIN
ADDED from src/main/AndroidManifest.xml:98:13-100:29
intent-filter#android.intent.action.VIEW+android.intent.category.DEFAULT
ADDED from src/main/AndroidManifest.xml:101:13-104:29
activity#com.chanapps.four.activity.BoardActivity
ADDED from src/main/AndroidManifest.xml:107:9-120:20
	android:label
		ADDED from src/main/AndroidManifest.xml:108:19-51
	android:launchMode
		ADDED from src/main/AndroidManifest.xml:108:52-83
	android:configChanges
		ADDED from src/main/AndroidManifest.xml:109:19-65
	android:name
		ADDED from src/main/AndroidManifest.xml:107:19-74
meta-data#android.app.default_searchable
ADDED from src/main/AndroidManifest.xml:117:13-119:54
	android:value
		ADDED from src/main/AndroidManifest.xml:119:21-52
	android:name
		ADDED from src/main/AndroidManifest.xml:118:21-66
activity#com.chanapps.four.activity.ThreadActivity
ADDED from src/main/AndroidManifest.xml:122:9-132:20
	android:label
		ADDED from src/main/AndroidManifest.xml:123:19-51
	android:launchMode
		ADDED from src/main/AndroidManifest.xml:123:52-83
	android:name
		ADDED from src/main/AndroidManifest.xml:122:19-75
intent-filter#android.intent.action.MAIN+android.intent.action.VIEW
ADDED from src/main/AndroidManifest.xml:125:13-128:29
activity#com.chanapps.four.activity.SearchActivity
ADDED from src/main/AndroidManifest.xml:134:9-144:20
	android:label
		ADDED from src/main/AndroidManifest.xml:134:76-112
	android:launchMode
		ADDED from src/main/AndroidManifest.xml:135:19-49
	android:name
		ADDED from src/main/AndroidManifest.xml:134:19-75
intent-filter#android.intent.action.SEARCH
ADDED from src/main/AndroidManifest.xml:137:13-139:29
action#android.intent.action.SEARCH
ADDED from src/main/AndroidManifest.xml:138:17-70
	android:name
		ADDED from src/main/AndroidManifest.xml:138:25-68
meta-data#android.app.searchable
ADDED from src/main/AndroidManifest.xml:140:13-143:23
	android:resource
		ADDED from src/main/AndroidManifest.xml:142:21-55
	android:name
		ADDED from src/main/AndroidManifest.xml:141:21-58
activity#com.chanapps.four.activity.SettingsActivity
ADDED from src/main/AndroidManifest.xml:146:9-153:20
	android:label
		ADDED from src/main/AndroidManifest.xml:146:78-115
	android:launchMode
		ADDED from src/main/AndroidManifest.xml:147:19-48
	android:name
		ADDED from src/main/AndroidManifest.xml:146:19-77
activity#com.chanapps.four.activity.AboutActivity
ADDED from src/main/AndroidManifest.xml:155:9-162:20
	android:label
		ADDED from src/main/AndroidManifest.xml:155:75-113
	android:launchMode
		ADDED from src/main/AndroidManifest.xml:156:19-48
	android:name
		ADDED from src/main/AndroidManifest.xml:155:19-74
activity#com.chanapps.four.activity.CancelDownloadActivity
ADDED from src/main/AndroidManifest.xml:164:9-172:20
	android:label
		ADDED from src/main/AndroidManifest.xml:164:84-100
	android:excludeFromRecents
		ADDED from src/main/AndroidManifest.xml:167:12-45
	android:launchMode
		ADDED from src/main/AndroidManifest.xml:165:12-41
	android:theme
		ADDED from src/main/AndroidManifest.xml:166:12-60
	android:name
		ADDED from src/main/AndroidManifest.xml:164:19-83
intent-filter#android.intent.action.VIEW
ADDED from src/main/AndroidManifest.xml:169:13-171:29
service#com.chanapps.four.service.FetchChanDataService
ADDED from src/main/AndroidManifest.xml:174:9-81
	android:name
		ADDED from src/main/AndroidManifest.xml:174:18-79
service#com.chanapps.four.service.BoardParserService
ADDED from src/main/AndroidManifest.xml:175:9-79
	android:name
		ADDED from src/main/AndroidManifest.xml:175:18-77
service#com.chanapps.four.service.BoardThreadsParserService
ADDED from src/main/AndroidManifest.xml:176:9-86
	android:name
		ADDED from src/main/AndroidManifest.xml:176:18-84
service#com.chanapps.four.service.ThreadParserService
ADDED from src/main/AndroidManifest.xml:177:9-80
	android:name
		ADDED from src/main/AndroidManifest.xml:177:18-78
service#com.chanapps.four.service.CleanUpService
ADDED from src/main/AndroidManifest.xml:178:9-75
	android:name
		ADDED from src/main/AndroidManifest.xml:178:18-73
service#com.chanapps.four.service.FileSaverService
ADDED from src/main/AndroidManifest.xml:179:9-77
	android:name
		ADDED from src/main/AndroidManifest.xml:179:18-75
service#com.chanapps.four.service.ImageDownloadService
ADDED from src/main/AndroidManifest.xml:180:9-81
	android:name
		ADDED from src/main/AndroidManifest.xml:180:18-79
service#com.chanapps.four.service.ThreadImageDownloadService
ADDED from src/main/AndroidManifest.xml:181:9-87
	android:name
		ADDED from src/main/AndroidManifest.xml:181:18-85
service#com.chanapps.four.service.FetchPopularThreadsService
ADDED from src/main/AndroidManifest.xml:182:9-87
	android:name
		ADDED from src/main/AndroidManifest.xml:182:18-85
activity#com.chanapps.four.widget.WidgetConfigureActivity
ADDED from src/main/AndroidManifest.xml:185:9-193:20
	android:label
		ADDED from src/main/AndroidManifest.xml:189:19-65
	android:excludeFromRecents
		ADDED from src/main/AndroidManifest.xml:186:19-52
	android:launchMode
		ADDED from src/main/AndroidManifest.xml:188:19-48
	android:taskAffinity
		ADDED from src/main/AndroidManifest.xml:187:19-42
	android:name
		ADDED from src/main/AndroidManifest.xml:185:19-82
intent-filter#android.appwidget.action.APPWIDGET_CONFIGURE
ADDED from src/main/AndroidManifest.xml:190:13-192:29
action#android.appwidget.action.APPWIDGET_CONFIGURE
ADDED from src/main/AndroidManifest.xml:191:17-86
	android:name
		ADDED from src/main/AndroidManifest.xml:191:25-84
activity#com.chanapps.four.widget.WidgetConfigureOneImageActivity
ADDED from src/main/AndroidManifest.xml:194:9-202:20
	android:label
		ADDED from src/main/AndroidManifest.xml:198:19-65
	android:excludeFromRecents
		ADDED from src/main/AndroidManifest.xml:195:19-52
	android:launchMode
		ADDED from src/main/AndroidManifest.xml:197:19-48
	android:taskAffinity
		ADDED from src/main/AndroidManifest.xml:196:19-42
	android:name
		ADDED from src/main/AndroidManifest.xml:194:19-90
activity#com.chanapps.four.widget.WidgetConfigureCoverFlowActivity
ADDED from src/main/AndroidManifest.xml:203:9-211:20
	android:label
		ADDED from src/main/AndroidManifest.xml:207:19-65
	android:excludeFromRecents
		ADDED from src/main/AndroidManifest.xml:204:19-52
	android:launchMode
		ADDED from src/main/AndroidManifest.xml:206:19-48
	android:taskAffinity
		ADDED from src/main/AndroidManifest.xml:205:19-42
	android:name
		ADDED from src/main/AndroidManifest.xml:203:19-91
activity#com.chanapps.four.widget.WidgetConfigureCoverFlowCardActivity
ADDED from src/main/AndroidManifest.xml:212:9-220:20
	android:label
		ADDED from src/main/AndroidManifest.xml:216:19-65
	android:excludeFromRecents
		ADDED from src/main/AndroidManifest.xml:213:19-52
	android:launchMode
		ADDED from src/main/AndroidManifest.xml:215:19-48
	android:taskAffinity
		ADDED from src/main/AndroidManifest.xml:214:19-42
	android:name
		ADDED from src/main/AndroidManifest.xml:212:19-95
receiver#com.chanapps.four.widget.BoardWidgetProvider
ADDED from src/main/AndroidManifest.xml:221:9-229:20
	android:name
		ADDED from src/main/AndroidManifest.xml:221:19-78
intent-filter#android.appwidget.action.APPWIDGET_DELETED+android.appwidget.action.APPWIDGET_DISABLED+android.appwidget.action.APPWIDGET_ENABLED+android.appwidget.action.APPWIDGET_UPDATE
ADDED from src/main/AndroidManifest.xml:222:13-227:29
action#android.appwidget.action.APPWIDGET_UPDATE
ADDED from src/main/AndroidManifest.xml:223:17-83
	android:name
		ADDED from src/main/AndroidManifest.xml:223:25-81
action#android.appwidget.action.APPWIDGET_ENABLED
ADDED from src/main/AndroidManifest.xml:224:17-84
	android:name
		ADDED from src/main/AndroidManifest.xml:224:25-82
action#android.appwidget.action.APPWIDGET_DISABLED
ADDED from src/main/AndroidManifest.xml:225:17-85
	android:name
		ADDED from src/main/AndroidManifest.xml:225:25-83
action#android.appwidget.action.APPWIDGET_DELETED
ADDED from src/main/AndroidManifest.xml:226:17-84
	android:name
		ADDED from src/main/AndroidManifest.xml:226:25-82
meta-data#android.appwidget.provider
ADDED from src/main/AndroidManifest.xml:228:13-109
	android:resource
		ADDED from src/main/AndroidManifest.xml:228:66-107
	android:name
		ADDED from src/main/AndroidManifest.xml:228:24-65
receiver#com.chanapps.four.widget.BoardOneImageWidgetProvider
ADDED from src/main/AndroidManifest.xml:230:9-238:20
	android:name
		ADDED from src/main/AndroidManifest.xml:230:19-86
receiver#com.chanapps.four.widget.BoardCoverFlowWidgetProvider
ADDED from src/main/AndroidManifest.xml:239:9-247:20
	android:name
		ADDED from src/main/AndroidManifest.xml:239:19-87
receiver#com.chanapps.four.widget.BoardCoverFlowCardWidgetProvider
ADDED from src/main/AndroidManifest.xml:248:9-256:20
	android:name
		ADDED from src/main/AndroidManifest.xml:248:19-91
receiver#com.chanapps.four.component.GlobalAlarmReceiver
ADDED from src/main/AndroidManifest.xml:257:9-262:20
	android:name
		ADDED from src/main/AndroidManifest.xml:257:19-81
intent-filter#android.intent.action.BOOT_COMPLETED+com.chanapps.four.component.GlobalAlarmReceiver.update
ADDED from src/main/AndroidManifest.xml:258:13-261:29
action#android.intent.action.BOOT_COMPLETED
ADDED from src/main/AndroidManifest.xml:259:17-78
	android:name
		ADDED from src/main/AndroidManifest.xml:259:25-76
action#com.chanapps.four.component.GlobalAlarmReceiver.update
ADDED from src/main/AndroidManifest.xml:260:17-96
	android:name
		ADDED from src/main/AndroidManifest.xml:260:25-94
service#com.chanapps.four.widget.UpdateWidgetService
ADDED from src/main/AndroidManifest.xml:263:9-161
	android:exported
		ADDED from src/main/AndroidManifest.xml:263:135-159
	android:permission
		ADDED from src/main/AndroidManifest.xml:263:78-134
	android:name
		ADDED from src/main/AndroidManifest.xml:263:18-77
service#com.chanapps.four.widget.StackWidgetService
ADDED from src/main/AndroidManifest.xml:264:9-160
	android:exported
		ADDED from src/main/AndroidManifest.xml:264:134-158
	android:permission
		ADDED from src/main/AndroidManifest.xml:264:77-133
	android:name
		ADDED from src/main/AndroidManifest.xml:264:18-76
service#com.chanapps.four.widget.CardStackWidgetService
ADDED from src/main/AndroidManifest.xml:265:9-164
	android:exported
		ADDED from src/main/AndroidManifest.xml:265:138-162
	android:permission
		ADDED from src/main/AndroidManifest.xml:265:81-137
	android:name
		ADDED from src/main/AndroidManifest.xml:265:18-80
activity#com.android.gallery3d.gadget.WidgetClickHandler
ADDED from src/main/AndroidManifest.xml:300:9-301:40
	android:exported
		ADDED from src/main/AndroidManifest.xml:301:14-38
	android:name
		ADDED from src/main/AndroidManifest.xml:300:19-81
activity#com.android.gallery3d.app.DialogPicker
ADDED from src/main/AndroidManifest.xml:302:9-305:43
	android:exported
		ADDED from src/main/AndroidManifest.xml:305:17-41
	android:configChanges
		ADDED from src/main/AndroidManifest.xml:303:17-78
	android:theme
		ADDED from src/main/AndroidManifest.xml:304:17-57
	android:name
		ADDED from src/main/AndroidManifest.xml:302:19-72
activity#com.android.gallery3d.app.AlbumPicker
ADDED from src/main/AndroidManifest.xml:306:9-309:43
	android:exported
		ADDED from src/main/AndroidManifest.xml:309:17-41
	android:configChanges
		ADDED from src/main/AndroidManifest.xml:307:17-78
	android:theme
		ADDED from src/main/AndroidManifest.xml:308:17-57
	android:name
		ADDED from src/main/AndroidManifest.xml:306:19-71
activity#com.android.gallery3d.gadget.WidgetTypeChooser
ADDED from src/main/AndroidManifest.xml:310:9-313:43
	android:exported
		ADDED from src/main/AndroidManifest.xml:313:17-41
	android:configChanges
		ADDED from src/main/AndroidManifest.xml:311:17-78
	android:theme
		ADDED from src/main/AndroidManifest.xml:312:17-57
	android:name
		ADDED from src/main/AndroidManifest.xml:310:19-80
activity#com.android.gallery3d.app.Wallpaper
ADDED from src/main/AndroidManifest.xml:332:9-339:20
	android:launchMode
		ADDED from src/main/AndroidManifest.xml:335:19-48
	android:exported
		ADDED from src/main/AndroidManifest.xml:336:19-43
	android:configChanges
		ADDED from src/main/AndroidManifest.xml:333:19-80
	android:theme
		ADDED from src/main/AndroidManifest.xml:334:19-78
	android:name
		ADDED from src/main/AndroidManifest.xml:332:19-69
meta-data#android.wallpaper.preview
ADDED from src/main/AndroidManifest.xml:337:13-338:74
	android:resource
		ADDED from src/main/AndroidManifest.xml:338:24-72
	android:name
		ADDED from src/main/AndroidManifest.xml:337:24-64
activity#com.android.gallery3d.app.CropImage
ADDED from src/main/AndroidManifest.xml:340:9-359:20
	android:process
		ADDED from src/main/AndroidManifest.xml:343:19-42
	android:label
		ADDED from src/main/AndroidManifest.xml:342:19-53
	android:launchMode
		ADDED from src/main/AndroidManifest.xml:345:19-48
	android:exported
		ADDED from src/main/AndroidManifest.xml:344:19-43
	android:configChanges
		ADDED from src/main/AndroidManifest.xml:341:19-80
	android:name
		ADDED from src/main/AndroidManifest.xml:340:19-69
intent-filter#android.intent.category.ALTERNATIVE+android.intent.category.DEFAULT+android.intent.category.SELECTED_ALTERNATIVE+com.android.camera.action.CROP
ADDED from src/main/AndroidManifest.xml:347:13-358:29
	android:label
		ADDED from src/main/AndroidManifest.xml:347:28-62
action#com.android.camera.action.CROP
ADDED from src/main/AndroidManifest.xml:348:17-72
	android:name
		ADDED from src/main/AndroidManifest.xml:348:25-70
category#android.intent.category.ALTERNATIVE
ADDED from src/main/AndroidManifest.xml:356:17-79
	android:name
		ADDED from src/main/AndroidManifest.xml:356:27-77
category#android.intent.category.SELECTED_ALTERNATIVE
ADDED from src/main/AndroidManifest.xml:357:17-88
	android:name
		ADDED from src/main/AndroidManifest.xml:357:27-86
activity#com.android.gallery3d.photoeditor.PhotoEditor
ADDED from src/main/AndroidManifest.xml:360:9-373:20
	android:label
		ADDED from src/main/AndroidManifest.xml:361:19-59
	android:hardwareAccelerated
		ADDED from src/main/AndroidManifest.xml:364:19-53
	android:launchMode
		ADDED from src/main/AndroidManifest.xml:366:19-48
	android:exported
		ADDED from src/main/AndroidManifest.xml:365:19-43
	android:configChanges
		ADDED from src/main/AndroidManifest.xml:363:19-80
	android:theme
		ADDED from src/main/AndroidManifest.xml:362:19-83
	android:name
		ADDED from src/main/AndroidManifest.xml:360:19-79
intent-filter#android.intent.action.EDIT+android.intent.category.DEFAULT
ADDED from src/main/AndroidManifest.xml:368:13-372:29
action#android.intent.action.EDIT
ADDED from src/main/AndroidManifest.xml:369:17-68
	android:name
		ADDED from src/main/AndroidManifest.xml:369:25-66
uses-library#com.google.android.media.effects
ADDED from src/main/AndroidManifest.xml:374:9-375:49
	android:required
		ADDED from src/main/AndroidManifest.xml:375:23-47
	android:name
		ADDED from src/main/AndroidManifest.xml:374:23-70
original-package
ADDED from [chanu:gallery:unspecified] AndroidManifest.xml:11:5-62
	android:name
		ADDED from [chanu:gallery:unspecified] AndroidManifest.xml:11:23-59
uses-permission#android.permission.ACCESS_COARSE_LOCATION
ADDED from [chanu:gallery:unspecified] AndroidManifest.xml:13:5-81
	android:name
		ADDED from [chanu:gallery:unspecified] AndroidManifest.xml:13:22-78
uses-permission#android.permission.ACCESS_FINE_LOCATION
ADDED from [chanu:gallery:unspecified] AndroidManifest.xml:14:5-79
	android:name
		ADDED from [chanu:gallery:unspecified] AndroidManifest.xml:14:22-76
uses-permission#android.permission.GET_ACCOUNTS
ADDED from [chanu:gallery:unspecified] AndroidManifest.xml:16:5-71
	android:name
		ADDED from [chanu:gallery:unspecified] AndroidManifest.xml:16:22-68
uses-permission#android.permission.MANAGE_ACCOUNTS
ADDED from [chanu:gallery:unspecified] AndroidManifest.xml:18:5-74
	android:name
		ADDED from [chanu:gallery:unspecified] AndroidManifest.xml:18:22-71
uses-permission#android.permission.READ_SYNC_SETTINGS
ADDED from [chanu:gallery:unspecified] AndroidManifest.xml:19:5-77
	android:name
		ADDED from [chanu:gallery:unspecified] AndroidManifest.xml:19:22-74
uses-permission#android.permission.USE_CREDENTIALS
ADDED from [chanu:gallery:unspecified] AndroidManifest.xml:21:5-74
	android:name
		ADDED from [chanu:gallery:unspecified] AndroidManifest.xml:21:22-71
uses-permission#android.permission.WRITE_SYNC_SETTINGS
ADDED from [chanu:gallery:unspecified] AndroidManifest.xml:23:5-78
	android:name
		ADDED from [chanu:gallery:unspecified] AndroidManifest.xml:23:22-75
uses-permission#android.permission.WRITE_SETTINGS
ADDED from [chanu:gallery:unspecified] AndroidManifest.xml:24:5-73
	android:name
		ADDED from [chanu:gallery:unspecified] AndroidManifest.xml:24:22-70
android:uses-permission#android.permission.READ_PHONE_STATE
IMPLIED from src/main/AndroidManifest.xml:1:1-401:12 reason: uk.co.senab.actionbarpulltorefresh.library has a targetSdkVersion < 4